<?xml version="1.0" encoding="UTF-8"?>
<!-- Generated by org.testng.reporters.JUnitReportReporter -->
<testsuite hostname="shivamSV" failures="0" tests="3" name="APITest" time="7.249" errors="0" timestamp="2023-12-29T12:15:54 IST" skipped="0">
  <testcase classname="APITest" name="test1" time="3.723"/>
  <testcase classname="APITest" name="test2" time="0.798"/>
  <testcase classname="APITest" name="test3" time="2.728"/>
</testsuite> <!-- APITest -->
